[2025-07-07 16:03:29] root: INFO: Starting Flye 2.9.6-b1802
[2025-07-07 16:03:29] root: DEBUG: Cmd: /data/djs217/miniconda3/envs/trycycler_env/bin/flye --nano-hq NCPPB_2005.read_subsets/sample_05.fastq --threads 8 --out-dir assembly_05
[2025-07-07 16:03:29] root: DEBUG: Python version: 3.10.18 | packaged by conda-forge | (main, Jun  4 2025, 14:45:41) [GCC 13.3.0]
[2025-07-07 16:03:29] root: INFO: >>>STAGE: configure
[2025-07-07 16:03:29] root: INFO: Configuring run
[2025-07-07 16:03:50] root: INFO: Total read length: 364729346
[2025-07-07 16:03:50] root: INFO: Reads N50/N90: 19581 / 8903
[2025-07-07 16:03:50] root: INFO: Minimum overlap set to 9000
[2025-07-07 16:03:50] root: INFO: >>>STAGE: assembly
[2025-07-07 16:03:50] root: INFO: Assembling disjointigs
[2025-07-07 16:03:50] root: DEBUG: -----Begin assembly log------
[2025-07-07 16:03:50] root: DEBUG: Running: flye-modules assemble --reads /data/djs217/PROJECTS/32_X_vasicola/xvm-genome-assembly/04_flye_assembly/NCPPB_2005.read_subsets/sample_05.fastq --out-asm /data/djs217/PROJECTS/32_X_vasicola/xvm-genome-assembly/04_flye_assembly/assembly_05/00-assembly/draft_assembly.fasta --config /data/djs217/miniconda3/envs/trycycler_env/lib/python3.10/site-packages/flye/config/bin_cfg/asm_nano_hq.cfg --log /data/djs217/PROJECTS/32_X_vasicola/xvm-genome-assembly/04_flye_assembly/assembly_05/flye.log --threads 8 --min-ovlp 9000
[2025-07-07 16:03:50] DEBUG: Build date: May  4 2025 23:20:28
[2025-07-07 16:03:50] DEBUG: Total RAM: 62 Gb
[2025-07-07 16:03:50] DEBUG: Available RAM: 55 Gb
[2025-07-07 16:03:50] DEBUG: Total CPUs: 32
[2025-07-07 16:03:50] DEBUG: Loading /data/djs217/miniconda3/envs/trycycler_env/lib/python3.10/site-packages/flye/config/bin_cfg/asm_nano_hq.cfg
[2025-07-07 16:03:50] DEBUG: Loading /data/djs217/miniconda3/envs/trycycler_env/lib/python3.10/site-packages/flye/config/bin_cfg/asm_defaults.cfg
[2025-07-07 16:03:50] DEBUG: 	big_genome_threshold=29000000
[2025-07-07 16:03:50] DEBUG: 	meta_read_filter_kmer_freq=100
[2025-07-07 16:03:50] DEBUG: 	chain_large_gap_penalty=2
[2025-07-07 16:03:50] DEBUG: 	chain_small_gap_penalty=0.5
[2025-07-07 16:03:50] DEBUG: 	chain_gap_jump_threshold=100
[2025-07-07 16:03:50] DEBUG: 	max_jump_gap=500
[2025-07-07 16:03:50] DEBUG: 	max_coverage_drop_rate=5
[2025-07-07 16:03:50] DEBUG: 	max_extensions_drop_rate=5
[2025-07-07 16:03:50] DEBUG: 	chimera_window=100
[2025-07-07 16:03:50] DEBUG: 	chimera_overhang=1000
[2025-07-07 16:03:50] DEBUG: 	min_reads_in_disjointig=4
[2025-07-07 16:03:50] DEBUG: 	max_inner_reads=10
[2025-07-07 16:03:50] DEBUG: 	max_inner_fraction=0.25
[2025-07-07 16:03:50] DEBUG: 	aggressive_dup_filter=1
[2025-07-07 16:03:50] DEBUG: 	max_separation=500
[2025-07-07 16:03:50] DEBUG: 	unique_edge_length=50000
[2025-07-07 16:03:50] DEBUG: 	min_repeat_res_support=0.51
[2025-07-07 16:03:50] DEBUG: 	out_paths_ratio=5
[2025-07-07 16:03:50] DEBUG: 	graph_cov_drop_rate=5
[2025-07-07 16:03:50] DEBUG: 	coverage_estimate_window=100
[2025-07-07 16:03:50] DEBUG: 	max_bubble_length=50000
[2025-07-07 16:03:50] DEBUG: 	loop_coverage_rate=1.5
[2025-07-07 16:03:50] DEBUG: 	repeat_edge_cov_mult=1.75
[2025-07-07 16:03:50] DEBUG: 	weak_detach_rate=5
[2025-07-07 16:03:50] DEBUG: 	tip_coverage_rate=2
[2025-07-07 16:03:50] DEBUG: 	tip_length_rate=2
[2025-07-07 16:03:50] DEBUG: 	output_gfa_before_rr=1
[2025-07-07 16:03:50] DEBUG: 	remove_alt_edges=0
[2025-07-07 16:03:50] DEBUG: 	low_cutoff_warning=0
[2025-07-07 16:03:50] DEBUG: 	kmer_size=17
[2025-07-07 16:03:50] DEBUG: 	use_minimizers=1
[2025-07-07 16:03:50] DEBUG: 	minimizer_window=10
[2025-07-07 16:03:50] DEBUG: 	reads_base_alignment=1
[2025-07-07 16:03:50] DEBUG: 	meta_read_top_kmer_rate=0.75
[2025-07-07 16:03:50] DEBUG: 	maximum_jump=1500
[2025-07-07 16:03:50] DEBUG: 	maximum_overhang=1500
[2025-07-07 16:03:50] DEBUG: 	repeat_kmer_rate=100
[2025-07-07 16:03:50] DEBUG: 	assemble_ovlp_divergence=0.03
[2025-07-07 16:03:50] DEBUG: 	assemble_divergence_relative=1
[2025-07-07 16:03:50] DEBUG: 	repeat_graph_ovlp_divergence=0.03
[2025-07-07 16:03:50] DEBUG: 	read_align_ovlp_divergence=0.10
[2025-07-07 16:03:50] DEBUG: 	hpc_scoring_on=1
[2025-07-07 16:03:50] DEBUG: 	add_unassembled_reads=0
[2025-07-07 16:03:50] DEBUG: 	extend_contigs_with_repeats=0
[2025-07-07 16:03:50] DEBUG: 	min_read_cov_cutoff=3
[2025-07-07 16:03:50] DEBUG: 	short_tip_length=20000
[2025-07-07 16:03:50] DEBUG: 	long_tip_length=100000
[2025-07-07 16:03:50] DEBUG: Running with k-mer size: 17
[2025-07-07 16:03:50] DEBUG: Running with minimum overlap 9000
[2025-07-07 16:03:50] DEBUG: Metagenome mode: N
[2025-07-07 16:03:50] DEBUG: Short mode: N
[2025-07-07 16:03:50] INFO: Reading sequences
[2025-07-07 16:03:51] DEBUG: Building positional index
[2025-07-07 16:03:51] DEBUG: Total sequence: 327110770 bp
[2025-07-07 16:03:51] INFO: Building minimizer index
[2025-07-07 16:03:51] INFO: Pre-calculating index storage
[2025-07-07 16:03:55] DEBUG: Mean k-mer frequency: 12.4256
[2025-07-07 16:03:55] DEBUG: Repetitive k-mer frequency: 1242
[2025-07-07 16:03:55] DEBUG: Filtered 707029 repetitive k-mers (0.0118969)
[2025-07-07 16:03:55] INFO: Filling index
[2025-07-07 16:04:00] DEBUG: Sorting k-mer index
[2025-07-07 16:04:00] DEBUG: Selected k-mers: 4782633
[2025-07-07 16:04:00] DEBUG: K-mer index size: 58722744
[2025-07-07 16:04:00] DEBUG: Mean k-mer frequency: 12.2783
[2025-07-07 16:04:00] DEBUG: Minimizer rate: 5.57043
[2025-07-07 16:04:00] DEBUG: Peak RAM usage: 0 Gb
[2025-07-07 16:04:00] DEBUG: Estimating k-mer identity bias
[2025-07-07 16:04:12] DEBUG: Initial divergence estimate : 0.0106033
[2025-07-07 16:04:12] DEBUG: Relative threshold: Y
[2025-07-07 16:04:12] DEBUG: Max divergence threshold set to 0.0406033
[2025-07-07 16:04:12] INFO: Extending reads
[2025-07-07 16:04:12] DEBUG: Estimating overlap coverage
[2025-07-07 16:05:51] INFO: Overlap-based coverage: 60
[2025-07-07 16:05:51] INFO: Median overlap divergence: 0.0103686
[2025-07-07 16:05:51] DEBUG: Sequence divergence distribution: 

    | *      |                                                                                           
    | *      |                                                                                           
    | *      |                                                                                           
    | *      |                                                                                           
    | *      |                                                                                           
    | *      |                                                                                           
    | *      |                                                                                           
    | *      |                                                                                           
    | *      |                                                                                           
    | **     |                                                                                           
    | **     |                                                                                           
    | **     |                                                                                           
    | **     |                                                                                           
    | **     |                                                                                           
    | **     |                                                                                           
    | ***    |                                                                                           
    |****    |                                                                                           
    |*****   |                                                                                           
    |******* |                                                                                           
    |********************* **      **       *                                                            
    ----------------------------------------------------------------------------------------------------
    0%        5%        10%       15%       20%       25%       30%       35%       40%       45%       

    Q25 = 0.0072, Q50 = 0.01, Q75 = 0.018

[2025-07-07 16:06:28] DEBUG: Assembled disjointig 1
	With 526 reads
	Start read: +SRR34105450.92284
	At position: 523
	leftTip: 0 rightTip: 0
	Suspicious: 1
	Short ext: 1
	Mean extensions: 53
	Avg overlap len: 33823
	Min overlap len: 6337
	Inner reads: 0
	Length: 4850879
[2025-07-07 16:06:28] DEBUG: Inner: 30570 covered: 31380 total: 33694
[2025-07-07 16:06:28] DEBUG: Discarded disjointig with 274 reads and 272 inner overlaps
[2025-07-07 16:06:29] DEBUG: Discarded disjointig with 527 reads and 524 inner overlaps
[2025-07-07 16:06:29] DEBUG: Discarded disjointig with 524 reads and 522 inner overlaps
[2025-07-07 16:06:29] DEBUG: Discarded disjointig with 524 reads and 522 inner overlaps
[2025-07-07 16:06:29] DEBUG: Discarded disjointig with 527 reads and 524 inner overlaps
[2025-07-07 16:06:29] DEBUG: Discarded disjointig with 525 reads and 522 inner overlaps
[2025-07-07 16:06:29] DEBUG: Discarded disjointig with 528 reads and 525 inner overlaps
[2025-07-07 16:06:50] INFO: Assembled 1 disjointigs
[2025-07-07 16:06:50] INFO: Generating sequence
[2025-07-07 16:06:51] DEBUG: Building positional index
[2025-07-07 16:06:51] DEBUG: Total sequence: 4850931 bp
[2025-07-07 16:06:51] DEBUG: Mean k-mer frequency: 1.03999
[2025-07-07 16:06:51] DEBUG: Repetitive k-mer frequency: 103
[2025-07-07 16:06:51] DEBUG: Filtered 0 repetitive k-mers (0)
[2025-07-07 16:06:52] DEBUG: Sorting k-mer index
[2025-07-07 16:06:52] DEBUG: Selected k-mers: 847416
[2025-07-07 16:06:52] DEBUG: K-mer index size: 881309
[2025-07-07 16:06:52] DEBUG: Mean k-mer frequency: 1.04
[2025-07-07 16:06:52] DEBUG: Minimizer rate: 5.50423
[2025-07-07 16:06:52] INFO: Filtering contained disjointigs
[2025-07-07 16:06:53] DEBUG: Computing transitive closure for overlaps
[2025-07-07 16:06:53] DEBUG: Found 0 overlaps
[2025-07-07 16:06:53] DEBUG: Left 0 overlaps after filtering
[2025-07-07 16:06:53] INFO: Contained seqs: 0
[2025-07-07 16:06:53] DEBUG: Writing FASTA
[2025-07-07 16:06:53] DEBUG: Peak RAM usage: 0 Gb
-----------End assembly log------------
[2025-07-07 16:06:53] root: DEBUG: Disjointigs length: 4850931, N50: 4850931
[2025-07-07 16:06:53] root: INFO: >>>STAGE: consensus
[2025-07-07 16:06:53] root: INFO: Running Minimap2
[2025-07-07 16:07:15] root: INFO: Computing consensus
